npm verb cli C:\Program Files\nodejs\node.exe C:\Program Files\nodejs\node_modules\npm\bin\npm-cli.js
npm info using npm@10.2.3
npm info using node@v20.10.0
npm verb title npm install
npm verb argv "install" "--legacy-peer-deps" "--loglevel" "verbose"
npm verb logfile logs-max:10 dir:C:\Users\szymo\AppData\Local\npm-cache\_logs\2025-05-04T15_51_31_347Z-
npm verb logfile C:\Users\szymo\AppData\Local\npm-cache\_logs\2025-05-04T15_51_31_347Z-debug-0.log
npm http fetch GET 200 https://registry.npmjs.org/cypress 860ms (cache updated)
npm http fetch GET 200 https://registry.npmjs.org/browserstack-cypress-cli 604ms (cache updated)
npm http fetch GET 200 https://registry.npmjs.org/archiver 268ms (cache updated)
npm http fetch GET 200 https://registry.npmjs.org/request-progress 1232ms (cache updated)
npm http fetch GET 200 https://registry.npmjs.org/gitconfiglocal 1297ms (cache updated)
npm http fetch GET 200 https://registry.npmjs.org/arch 1298ms (cache updated)
npm http fetch GET 200 https://registry.npmjs.org/blob-util 1287ms (cache updated)
npm http fetch GET 200 https://registry.npmjs.org/ospath 1298ms (cache updated)
npm http fetch GET 200 https://registry.npmjs.org/@types%2fsizzle 1288ms (cache updated)
npm http fetch GET 200 https://registry.npmjs.org/cli-cursor 1297ms (cache updated)
npm http fetch GET 200 https://registry.npmjs.org/git-repo-info 1328ms (cache updated)
npm http fetch GET 200 https://registry.npmjs.org/@cypress%2fxvfb 1295ms (cache updated)
npm http fetch GET 200 https://registry.npmjs.org/process 1320ms (cache updated)
npm http fetch GET 200 https://registry.npmjs.org/executable 1314ms (cache updated)
npm http fetch GET 200 https://registry.npmjs.org/tmp 1339ms (cache updated)
npm http fetch GET 200 https://registry.npmjs.org/yauzl 1336ms (cache updated)
npm http fetch GET 200 https://registry.npmjs.org/log-symbols 1321ms (cache updated)
npm http fetch GET 200 https://registry.npmjs.org/cachedir 1336ms (cache updated)
npm http fetch GET 200 https://registry.npmjs.org/proxy-from-env 1325ms (cache updated)
npm http fetch GET 200 https://registry.npmjs.org/getos 1350ms (cache updated)
npm http fetch GET 200 https://registry.npmjs.org/extract-zip 1336ms (cache updated)
npm http fetch GET 200 https://registry.npmjs.org/is-ci 1358ms (cache updated)
npm http fetch GET 200 https://registry.npmjs.org/lazy-ass 1354ms (cache updated)
npm http fetch GET 200 https://registry.npmjs.org/windows-release 1379ms (cache updated)
npm http fetch GET 200 https://registry.npmjs.org/figures 1367ms (cache updated)
npm http fetch GET 200 https://registry.npmjs.org/cli-table3 1364ms (cache updated)
npm http fetch GET 200 https://registry.npmjs.org/decompress 1392ms (cache updated)
npm http fetch GET 200 https://registry.npmjs.org/untildify 1373ms (cache updated)
npm http fetch GET 200 https://registry.npmjs.org/form-data 1407ms (cache updated)
npm http fetch GET 200 https://registry.npmjs.org/minimist 1391ms (cache updated)
npm http fetch GET 200 https://registry.npmjs.org/pretty-bytes 1388ms (cache updated)
npm http fetch GET 200 https://registry.npmjs.org/common-tags 1399ms (cache updated)
npm http fetch GET 200 https://registry.npmjs.org/@types%2fsinonjs__fake-timers 1405ms (cache updated)
npm http fetch GET 200 https://registry.npmjs.org/git-last-commit 1449ms (cache updated)
npm http fetch GET 200 https://registry.npmjs.org/chalk 1454ms (cache updated)
npm http fetch GET 200 https://registry.npmjs.org/chalk 1443ms (cache updated)
npm http fetch GET 200 https://registry.npmjs.org/check-more-types 1419ms (cache updated)
npm http fetch GET 200 https://registry.npmjs.org/is-installed-globally 1424ms (cache updated)
npm http fetch GET 200 https://registry.npmjs.org/axios-retry 1473ms (cache updated)
npm http fetch GET 200 https://registry.npmjs.org/update-notifier 1472ms (cache updated)
npm http fetch GET 200 https://registry.npmjs.org/enquirer 1457ms (cache updated)
npm http fetch GET 200 https://registry.npmjs.org/cli-progress 1486ms (cache updated)
npm http fetch GET 200 https://registry.npmjs.org/mkdirp 1487ms (cache updated)
npm http fetch GET 200 https://registry.npmjs.org/@cypress%2frequest 1471ms (cache updated)
npm http fetch GET 200 https://registry.npmjs.org/uuid 1515ms (cache updated)
npm http fetch GET 200 https://registry.npmjs.org/buffer 1512ms (cache updated)
npm http fetch GET 200 https://registry.npmjs.org/async 1539ms (cache updated)
npm http fetch GET 200 https://registry.npmjs.org/lodash 1522ms (cache updated)
npm http fetch GET 200 https://registry.npmjs.org/fs-extra 1519ms (cache updated)
npm http fetch GET 200 https://registry.npmjs.org/fs-extra 1547ms (cache updated)
npm http fetch GET 200 https://registry.npmjs.org/debug 1537ms (cache updated)
npm http fetch GET 200 https://registry.npmjs.org/unzipper 1552ms (cache updated)
npm http fetch GET 200 https://registry.npmjs.org/execa 1551ms (cache updated)
npm http fetch GET 200 https://registry.npmjs.org/supports-color 1531ms (cache updated)
npm http fetch GET 200 https://registry.npmjs.org/winston 1566ms (cache updated)
npm http fetch GET 200 https://registry.npmjs.org/eventemitter2 1542ms (cache updated)
npm http fetch GET 200 https://registry.npmjs.org/semver 1567ms (cache updated)
npm http fetch GET 200 https://registry.npmjs.org/table 1592ms (cache updated)
npm http fetch GET 200 https://registry.npmjs.org/bluebird 1578ms (cache updated)
npm http fetch GET 200 https://registry.npmjs.org/glob 1603ms (cache updated)
npm http fetch GET 200 https://registry.npmjs.org/axios 1621ms (cache updated)
npm http fetch GET 200 https://registry.npmjs.org/commander 1601ms (cache updated)
npm http fetch GET 200 https://registry.npmjs.org/node-ipc 1635ms (cache updated)
npm http fetch GET 200 https://registry.npmjs.org/browserstack-local 1646ms (cache updated)
npm http fetch GET 200 https://registry.npmjs.org/dayjs 1640ms (cache updated)
npm http fetch GET 200 https://registry.npmjs.org/yargs 1654ms (cache updated)
npm http fetch GET 200 https://registry.npmjs.org/mocha 1665ms (cache updated)
npm http fetch GET 200 https://registry.npmjs.org/listr2 1680ms (cache updated)
npm http fetch GET 200 https://registry.npmjs.org/getmac 1719ms (cache updated)
npm http fetch GET 200 https://registry.npmjs.org/@types%2fnode 1730ms (cache updated)
npm http fetch GET 200 https://registry.npmjs.org/temp-fs 1989ms (cache updated)
npm http fetch GET 200 https://registry.npmjs.org/ps-tree 1999ms (cache updated)
npm http fetch GET 200 https://registry.npmjs.org/readdir-glob 2027ms (cache updated)
npm http fetch GET 200 https://registry.npmjs.org/buffer-crc32 2034ms (cache updated)
npm http fetch GET 200 https://registry.npmjs.org/fs.realpath 1940ms (cache updated)
npm http fetch GET 200 https://registry.npmjs.org/is-retry-allowed 2012ms (cache updated)
npm http fetch GET 200 https://registry.npmjs.org/archiver-utils 2051ms (cache updated)
npm http fetch GET 200 https://registry.npmjs.org/https-proxy-agent 2008ms (cache updated)
npm http fetch GET 200 https://registry.npmjs.org/is-running 2011ms (cache updated)
npm http fetch GET 200 https://registry.npmjs.org/set-blocking 1843ms (cache updated)
npm http fetch GET 200 https://registry.npmjs.org/node-int64 1904ms (cache updated)
npm http fetch GET 200 https://registry.npmjs.org/inflight 1969ms (cache updated)
npm http fetch GET 200 https://registry.npmjs.org/browser-stdout 1933ms (cache updated)
npm http fetch GET 200 https://registry.npmjs.org/path-is-absolute 1966ms (cache updated)
npm http fetch GET 200 https://registry.npmjs.org/import-lazy 1897ms (cache updated)
npm http fetch GET 200 https://registry.npmjs.org/eyes 1878ms (cache updated)
npm http fetch GET 200 https://registry.npmjs.org/is-in-ci 1903ms (cache updated)
npm http fetch GET 200 https://registry.npmjs.org/duplexer2 1918ms (cache updated)
npm http fetch GET 200 https://registry.npmjs.org/cycle 1881ms (cache updated)
npm http fetch GET 200 https://registry.npmjs.org/asynckit 2012ms (cache updated)
npm http fetch GET 200 https://registry.npmjs.org/js-message 1940ms (cache updated)
npm http fetch GET 200 https://registry.npmjs.org/decompress-targz 2028ms (cache updated)
npm http fetch GET 200 https://registry.npmjs.org/stack-trace 1887ms (cache updated)
npm http fetch GET 200 https://registry.npmjs.org/require-main-filename 1863ms (cache updated)
npm http fetch GET 200 https://registry.npmjs.org/decompress-tar 2035ms (cache updated)
npm http fetch GET 200 https://registry.npmjs.org/isstream 1897ms (cache updated)
npm http fetch GET 200 https://registry.npmjs.org/once 2003ms (cache updated)
npm http fetch GET 200 https://registry.npmjs.org/escape-string-regexp 1960ms (cache updated)
npm http fetch GET 200 https://registry.npmjs.org/inherits 2004ms (cache updated)
npm http fetch GET 200 https://registry.npmjs.org/readable-stream 2096ms (cache updated)
npm http fetch GET 200 https://registry.npmjs.org/xdg-basedir 1929ms (cache updated)
npm http fetch GET 200 https://registry.npmjs.org/universalify 2025ms (cache updated)
npm http fetch GET 200 https://registry.npmjs.org/is-npm 1940ms (cache updated)
npm http fetch GET 200 https://registry.npmjs.org/decompress-unzip 2049ms (cache updated)
npm http fetch GET 200 https://registry.npmjs.org/combined-stream 2040ms (cache updated)
npm http fetch GET 200 https://registry.npmjs.org/strip-dirs 2046ms (cache updated)
npm http fetch GET 200 https://registry.npmjs.org/require-directory 1889ms (cache updated)
npm http fetch GET 200 https://registry.npmjs.org/which-module 1896ms (cache updated)
npm http fetch GET 200 https://registry.npmjs.org/find-up 1904ms (cache updated)
npm http fetch GET 200 https://registry.npmjs.org/find-up 1999ms (cache updated)
npm http fetch GET 200 https://registry.npmjs.org/decompress-tarbz2 2061ms (cache updated)
npm http fetch GET 200 https://registry.npmjs.org/semver-diff 1946ms (cache updated)
npm http fetch GET 200 https://registry.npmjs.org/pupa 1957ms (cache updated)
npm http fetch GET 200 https://registry.npmjs.org/pify 2058ms (cache updated)
npm http fetch GET 200 https://registry.npmjs.org/es-set-tostringtag 2051ms (cache updated)
npm http fetch GET 200 https://registry.npmjs.org/agent-base 2086ms (cache updated)
npm http fetch GET 200 https://registry.npmjs.org/strip-json-comments 1991ms (cache updated)
npm http fetch GET 200 https://registry.npmjs.org/slice-ansi 1979ms (cache updated)
npm http fetch GET 200 https://registry.npmjs.org/get-caller-file 1908ms (cache updated)
npm http fetch GET 200 https://registry.npmjs.org/latest-version 1948ms (cache updated)
npm http fetch GET 200 https://registry.npmjs.org/jsonfile 2054ms (cache updated)
npm http fetch GET 200 https://registry.npmjs.org/decamelize 1919ms (cache updated)
npm http fetch GET 200 https://registry.npmjs.org/he 2025ms (cache updated)
npm http fetch GET 200 https://registry.npmjs.org/yargs-unparser 2000ms (cache updated)
npm http fetch GET 200 https://registry.npmjs.org/make-dir 2075ms (cache updated)
npm http fetch GET 200 https://registry.npmjs.org/ms 2028ms (cache updated)
npm http fetch GET 200 https://registry.npmjs.org/configstore 1972ms (cache updated)
npm http fetch GET 200 https://registry.npmjs.org/diff 2032ms (cache updated)
npm http fetch GET 200 https://registry.npmjs.org/y18n 1941ms (cache updated)
npm http fetch GET 200 https://registry.npmjs.org/cliui 1941ms (cache updated)
npm http fetch GET 200 https://registry.npmjs.org/string-width 2000ms (cache updated)
npm http fetch GET 200 https://registry.npmjs.org/string-width 2102ms (cache updated)
npm http fetch GET 200 https://registry.npmjs.org/colors 1959ms (cache updated)
npm http fetch GET 200 https://registry.npmjs.org/zip-stream 2147ms (cache updated)
npm http fetch GET 200 https://registry.npmjs.org/ini 2070ms (cache updated)
npm http fetch GET 200 https://registry.npmjs.org/ansi-styles 2117ms (cache updated)
npm http fetch GET 200 https://registry.npmjs.org/tar-stream 2156ms (cache updated)
npm http fetch GET 200 https://registry.npmjs.org/serialize-javascript 2029ms (cache updated)
npm http fetch GET 200 https://registry.npmjs.org/js-yaml 2059ms (cache updated)
npm http fetch GET 200 https://registry.npmjs.org/boxen 2013ms (cache updated)
npm http fetch GET 200 https://registry.npmjs.org/ansi-colors 2058ms (cache updated)
npm http fetch GET 200 https://registry.npmjs.org/mime-types 2116ms (cache updated)
npm http fetch GET 200 https://registry.npmjs.org/graceful-fs 2132ms (cache updated)
npm http fetch GET 200 https://registry.npmjs.org/graceful-fs 2036ms (cache updated)
npm http fetch GET 200 https://registry.npmjs.org/graceful-fs 2118ms (cache updated)
npm http fetch GET 200 https://registry.npmjs.org/js-queue 2061ms (cache updated)
npm http fetch GET 200 https://registry.npmjs.org/follow-redirects 2190ms (cache updated)
npm http fetch GET 200 https://registry.npmjs.org/workerpool 2088ms (cache updated)
npm http fetch GET 200 https://registry.npmjs.org/chokidar 2100ms (cache updated)
npm http fetch GET 200 https://registry.npmjs.org/yargs-parser 2101ms (cache updated)
npm http fetch GET 200 https://registry.npmjs.org/yargs-parser 2010ms (cache updated)
npm http fetch GET 200 https://registry.npmjs.org/@babel%2fruntime 2208ms (cache updated)
npm http fetch GET 200 https://registry.npmjs.org/event-pubsub 2094ms (cache updated)
npm http fetch GET 200 https://registry.npmjs.org/minimatch 2145ms (cache updated)
npm http fetch GET 200 https://registry.npmjs.org/minimatch 2127ms (cache updated)
npm http fetch GET 200 https://registry.npmjs.org/ajv 2111ms (cache updated)
npm http fetch GET 200 https://registry.npmjs.org/lodash.defaults 104ms (cache updated)
npm http fetch GET 200 https://registry.npmjs.org/lodash.isplainobject 101ms (cache updated)
npm http fetch GET 200 https://registry.npmjs.org/lodash.flatten 107ms (cache updated)
npm http fetch GET 200 https://registry.npmjs.org/lazystream 139ms (cache updated)
npm http fetch GET 200 https://registry.npmjs.org/normalize-path 135ms (cache updated)
npm http fetch GET 200 https://registry.npmjs.org/util-deprecate 134ms (cache updated)
npm http fetch GET 200 https://registry.npmjs.org/end-of-stream 129ms (cache updated)
npm http fetch GET 200 https://registry.npmjs.org/lodash.union 146ms (cache updated)
npm http fetch GET 200 https://registry.npmjs.org/fs-constants 130ms (cache updated)
npm http fetch GET 200 https://registry.npmjs.org/string_decoder 141ms (cache updated)
npm http fetch GET 200 https://registry.npmjs.org/lodash.difference 154ms (cache updated)
npm http fetch GET 200 https://registry.npmjs.org/compress-commons 129ms (cache updated)
npm http fetch GET 200 https://registry.npmjs.org/bl 141ms (cache updated)
npm http fetch GET 200 https://registry.npmjs.org/core-util-is 60ms (cache updated)
npm http fetch GET 200 https://registry.npmjs.org/safe-buffer 62ms (cache updated)
npm http fetch GET 200 https://registry.npmjs.org/process-nextick-args 76ms (cache updated)
npm http fetch GET 200 https://registry.npmjs.org/isarray 80ms (cache updated)
npm http fetch GET 200 https://registry.npmjs.org/event-stream 84ms (cache updated)
npm http fetch GET 200 https://registry.npmjs.org/rimraf 90ms (cache updated)
npm http fetch GET 200 https://registry.npmjs.org/color-convert 84ms (cache updated)
npm http fetch GET 200 https://registry.npmjs.org/has-flag 116ms (cache updated)
npm http fetch GET 200 https://registry.npmjs.org/color-name 109ms (cache updated)
npm http fetch GET 200 https://registry.npmjs.org/emoji-regex 63ms (cache updated)
npm http fetch GET 200 https://registry.npmjs.org/strip-ansi 84ms (cache updated)
npm http fetch GET 200 https://registry.npmjs.org/is-fullwidth-code-point 92ms (cache updated)
npm http fetch GET 200 https://registry.npmjs.org/extend 687ms (cache updated)
npm http fetch GET 200 https://registry.npmjs.org/aws-sign2 686ms (cache updated)
npm http fetch GET 200 https://registry.npmjs.org/performance-now 673ms (cache updated)
npm http fetch GET 200 https://registry.npmjs.org/is-typedarray 677ms (cache updated)
npm http fetch GET 200 https://registry.npmjs.org/json-stringify-safe 674ms (cache updated)
npm http fetch GET 200 https://registry.npmjs.org/forever-agent 679ms (cache updated)
npm http fetch GET 200 https://registry.npmjs.org/tunnel-agent 691ms (cache updated)
npm http fetch GET 200 https://registry.npmjs.org/base64-js 674ms (cache updated)
npm http fetch GET 200 https://registry.npmjs.org/caseless 701ms (cache updated)
npm http fetch GET 200 https://registry.npmjs.org/lodash.once 692ms (cache updated)
npm http fetch GET 200 https://registry.npmjs.org/tough-cookie 711ms (cache updated)
npm http fetch GET 200 https://registry.npmjs.org/http-signature 712ms (cache updated)
npm http fetch GET 200 https://registry.npmjs.org/restore-cursor 694ms (cache updated)
npm http fetch GET 200 https://registry.npmjs.org/at-least-node 676ms (cache updated)
npm http fetch GET 200 https://registry.npmjs.org/merge-stream 687ms (cache updated)
npm http fetch GET 200 https://registry.npmjs.org/is-stream 690ms (cache updated)
npm http fetch GET 200 https://registry.npmjs.org/ieee754 703ms (cache updated)
npm http fetch GET 200 https://registry.npmjs.org/onetime 695ms (cache updated)
npm http fetch GET 200 https://registry.npmjs.org/global-dirs 675ms (cache updated)
npm http fetch GET 200 https://registry.npmjs.org/get-stream 694ms (cache updated)
npm http fetch GET 200 https://registry.npmjs.org/get-stream 690ms (cache updated)
npm http fetch GET 200 https://registry.npmjs.org/signal-exit 696ms (cache updated)
npm http fetch GET 200 https://registry.npmjs.org/through 668ms (cache updated)
npm http fetch GET 200 https://registry.npmjs.org/cli-truncate 663ms (cache updated)
npm http fetch GET 200 https://registry.npmjs.org/aws4 746ms (cache updated)
npm http fetch GET 200 https://registry.npmjs.org/@types%2fyauzl 702ms (cache updated)
npm http fetch GET 200 https://registry.npmjs.org/strip-final-newline 708ms (cache updated)
npm http fetch GET 200 https://registry.npmjs.org/throttleit 660ms (cache updated)
npm http fetch GET 200 https://registry.npmjs.org/fd-slicer 649ms (cache updated)
npm http fetch GET 200 https://registry.npmjs.org/is-unicode-supported 675ms (cache updated)
npm http fetch GET 200 https://registry.npmjs.org/is-path-inside 703ms (cache updated)
npm http fetch GET 200 https://registry.npmjs.org/p-map 693ms (cache updated)
npm http fetch GET 200 https://registry.npmjs.org/npm-run-path 724ms (cache updated)
npm http fetch GET 200 https://registry.npmjs.org/human-signals 725ms (cache updated)
npm http fetch GET 200 https://registry.npmjs.org/rfdc 704ms (cache updated)
npm http fetch GET 200 https://registry.npmjs.org/wrap-ansi 698ms (cache updated)
npm http fetch GET 200 https://registry.npmjs.org/qs 779ms (cache updated)
npm http fetch GET 200 https://registry.npmjs.org/log-update 704ms (cache updated)
npm http fetch GET 200 https://registry.npmjs.org/cross-spawn 744ms (cache updated)
npm http fetch GET 200 https://registry.npmjs.org/ci-info 732ms (cache updated)
npm http fetch GET 200 https://registry.npmjs.org/colorette 716ms (cache updated)
npm http fetch GET 200 https://registry.npmjs.org/rxjs 729ms (cache updated)
npm http fetch GET 200 https://registry.npmjs.org/@colors%2fcolors 827ms (cache updated)
npm http fetch GET 200 https://registry.npmjs.org/delayed-stream 231ms (cache updated)
npm http fetch GET 200 https://registry.npmjs.org/jsprim 214ms (cache updated)
npm http fetch GET 200 https://registry.npmjs.org/assert-plus 214ms (cache updated)
npm http fetch GET 200 https://registry.npmjs.org/mime-db 202ms (cache updated)
npm http fetch GET 200 https://registry.npmjs.org/url-parse 167ms (cache updated)
npm http fetch GET 200 https://registry.npmjs.org/side-channel 198ms (cache updated)
npm http fetch GET 200 https://registry.npmjs.org/punycode 175ms (cache updated)
npm http fetch GET 200 https://registry.npmjs.org/sshpk 238ms (cache updated)
npm http fetch GET 200 https://registry.npmjs.org/psl 189ms (cache updated)
npm http fetch GET 200 https://registry.npmjs.org/unbzip2-stream 173ms (cache updated)
npm http fetch GET 200 https://registry.npmjs.org/seek-bzip 191ms (cache updated)
npm http fetch GET 200 https://registry.npmjs.org/file-type 204ms (cache updated)
npm http fetch GET 200 https://registry.npmjs.org/file-type 225ms (cache updated)
npm http fetch GET 200 https://registry.npmjs.org/is-natural-number 214ms (cache updated)
npm http fetch GET 200 https://registry.npmjs.org/file-type 256ms (cache updated)
npm http fetch GET 200 https://registry.npmjs.org/to-buffer 126ms (cache updated)
npm http fetch GET 200 https://registry.npmjs.org/xtend 126ms (cache updated)
npm http fetch GET 200 https://registry.npmjs.org/buffer-alloc 175ms (cache updated)
npm http fetch GET 200 https://registry.npmjs.org/object-assign 82ms (cache updated)
npm http fetch GET 200 https://registry.npmjs.org/pinkie-promise 671ms (cache updated)
npm http fetch GET 200 https://registry.npmjs.org/ansi-regex 73ms (cache updated)
npm http fetch GET 200 https://registry.npmjs.org/pump 97ms (cache updated)
npm http fetch GET 200 https://registry.npmjs.org/which 111ms (cache updated)
npm http fetch GET 200 https://registry.npmjs.org/mimic-fn 95ms (cache updated)
npm http fetch GET 200 https://registry.npmjs.org/shebang-command 129ms (cache updated)
npm http fetch GET 200 https://registry.npmjs.org/path-key 110ms (cache updated)
npm http fetch GET 200 https://registry.npmjs.org/path-key 134ms (cache updated)
npm http fetch GET 200 https://registry.npmjs.org/isexe 65ms (cache updated)
npm http fetch GET 200 https://registry.npmjs.org/shebang-regex 119ms (cache updated)
npm http fetch GET 200 https://registry.npmjs.org/es-errors 69ms (cache updated)
npm http fetch GET 200 https://registry.npmjs.org/get-intrinsic 75ms (cache updated)
npm http fetch GET 200 https://registry.npmjs.org/has-tostringtag 74ms (cache updated)
npm http fetch GET 200 https://registry.npmjs.org/hasown 78ms (cache updated)
npm http fetch GET 200 https://registry.npmjs.org/get-proto 121ms (cache updated)
npm http fetch GET 200 https://registry.npmjs.org/es-object-atoms 124ms (cache updated)
npm http fetch GET 200 https://registry.npmjs.org/call-bind-apply-helpers 129ms (cache updated)
npm http fetch GET 200 https://registry.npmjs.org/has-symbols 118ms (cache updated)
npm http fetch GET 200 https://registry.npmjs.org/function-bind 128ms (cache updated)
npm http fetch GET 200 https://registry.npmjs.org/gopd 126ms (cache updated)
npm http fetch GET 200 https://registry.npmjs.org/math-intrinsics 125ms (cache updated)
npm http fetch GET 200 https://registry.npmjs.org/has-symbols 129ms (cache updated)
npm http fetch GET 200 https://registry.npmjs.org/es-define-property 137ms (cache updated)
npm http fetch GET 200 https://registry.npmjs.org/dunder-proto 88ms (cache updated)
npm http fetch GET 200 https://registry.npmjs.org/pinkie 82ms (cache updated)
npm http fetch GET 200 https://registry.npmjs.org/wrappy 92ms (cache updated)
npm http fetch GET 200 https://registry.npmjs.org/brace-expansion 88ms (cache updated)
npm http fetch GET 200 https://registry.npmjs.org/asn1 84ms (cache updated)
npm http fetch GET 200 https://registry.npmjs.org/verror 88ms (cache updated)
npm http fetch GET 200 https://registry.npmjs.org/jsbn 84ms (cache updated)
npm http fetch GET 200 https://registry.npmjs.org/extsprintf 89ms (cache updated)
npm http fetch GET 200 https://registry.npmjs.org/getpass 85ms (cache updated)
npm http fetch GET 200 https://registry.npmjs.org/safer-buffer 80ms (cache updated)
npm http fetch GET 200 https://registry.npmjs.org/tweetnacl 83ms (cache updated)
npm http fetch GET 200 https://registry.npmjs.org/ecc-jsbn 85ms (cache updated)
npm http fetch GET 200 https://registry.npmjs.org/dashdash 87ms (cache updated)
npm http fetch GET 200 https://registry.npmjs.org/json-schema 93ms (cache updated)
npm http fetch GET 200 https://registry.npmjs.org/bcrypt-pbkdf 86ms (cache updated)
npm http fetch GET 200 https://registry.npmjs.org/tslib 65ms (cache updated)
npm http fetch GET 200 https://registry.npmjs.org/aggregate-error 76ms (cache updated)
npm http fetch GET 200 https://registry.npmjs.org/ansi-escapes 77ms (cache updated)
npm http fetch GET 200 https://registry.npmjs.org/astral-regex 48ms (cache updated)
npm http fetch GET 200 https://registry.npmjs.org/type-fest 76ms (cache updated)
npm http fetch GET 200 https://registry.npmjs.org/concat-map 56ms (cache updated)
npm http fetch GET 200 https://registry.npmjs.org/balanced-match 65ms (cache updated)
npm http fetch GET 200 https://registry.npmjs.org/anymatch 268ms (cache updated)
npm http fetch GET 200 https://registry.npmjs.org/readdirp 275ms (cache updated)
npm http fetch GET 200 https://registry.npmjs.org/is-plain-obj 204ms (cache updated)
npm http fetch GET 200 https://registry.npmjs.org/is-binary-path 279ms (cache updated)
npm http fetch GET 200 https://registry.npmjs.org/locate-path 266ms (cache updated)
npm http fetch GET 200 https://registry.npmjs.org/randombytes 243ms (cache updated)
npm http fetch GET 200 https://registry.npmjs.org/is-glob 293ms (cache updated)
npm http fetch GET 200 https://registry.npmjs.org/glob-parent 288ms (cache updated)
npm http fetch GET 200 https://registry.npmjs.org/fsevents 286ms (cache updated)
npm http fetch GET 200 https://registry.npmjs.org/camelcase 224ms (cache updated)
npm http fetch GET 200 https://registry.npmjs.org/argparse 263ms (cache updated)
npm http fetch GET 200 https://registry.npmjs.org/escalade 239ms (cache updated)
npm http fetch GET 200 https://registry.npmjs.org/path-exists 280ms (cache updated)
npm http fetch GET 200 https://registry.npmjs.org/braces 310ms (cache updated)
npm http fetch GET 200 https://registry.npmjs.org/flat 230ms (cache updated)
npm http fetch GET 200 https://registry.npmjs.org/picomatch 102ms (cache updated)
npm http fetch GET 200 https://registry.npmjs.org/fill-range 129ms (cache updated)
npm http fetch GET 200 https://registry.npmjs.org/is-extglob 117ms (cache updated)
npm http fetch GET 200 https://registry.npmjs.org/picomatch 139ms (cache updated)
npm http fetch GET 200 https://registry.npmjs.org/binary-extensions 129ms (cache updated)
npm http fetch GET 200 https://registry.npmjs.org/to-regex-range 65ms (cache updated)
npm http fetch GET 200 https://registry.npmjs.org/is-number 58ms (cache updated)
npm http fetch GET 200 https://registry.npmjs.org/p-locate 61ms (cache updated)
npm http fetch GET 200 https://registry.npmjs.org/p-limit 102ms (cache updated)
npm http fetch GET 200 https://registry.npmjs.org/easy-stack 120ms (cache updated)
npm http fetch GET 200 https://registry.npmjs.org/yocto-queue 94ms (cache updated)
npm http fetch GET 200 https://registry.npmjs.org/indent-string 78ms (cache updated)
npm http fetch GET 200 https://registry.npmjs.org/clean-stack 93ms (cache updated)
npm http fetch GET 200 https://registry.npmjs.org/split 129ms (cache updated)
npm http fetch GET 200 https://registry.npmjs.org/pause-stream 132ms (cache updated)
npm http fetch GET 200 https://registry.npmjs.org/duplexer 137ms (cache updated)
npm http fetch GET 200 https://registry.npmjs.org/stream-combiner 602ms (cache updated)
npm http fetch GET 200 https://registry.npmjs.org/map-stream 676ms (cache updated)
npm http fetch GET 200 https://registry.npmjs.org/from 708ms (cache updated)
npm http fetch GET 200 https://registry.npmjs.org/side-channel-weakmap 73ms (cache updated)
npm http fetch GET 200 https://registry.npmjs.org/side-channel-list 75ms (cache updated)
npm http fetch GET 200 https://registry.npmjs.org/side-channel-map 79ms (cache updated)
npm http fetch GET 200 https://registry.npmjs.org/object-inspect 81ms (cache updated)
npm http fetch GET 200 https://registry.npmjs.org/call-bound 63ms (cache updated)
npm http fetch GET 200 https://registry.npmjs.org/fast-deep-equal 95ms (cache updated)
npm http fetch GET 200 https://registry.npmjs.org/json-schema-traverse 95ms (cache updated)
npm http fetch GET 200 https://registry.npmjs.org/uri-js 123ms (cache updated)
npm http fetch GET 200 https://registry.npmjs.org/fast-json-stable-stringify 117ms (cache updated)
npm http fetch GET 200 https://registry.npmjs.org/requires-port 71ms (cache updated)
npm http fetch GET 200 https://registry.npmjs.org/querystringify 142ms (cache updated)
npm http fetch GET 200 https://registry.npmjs.org/widest-line 156ms (cache updated)
npm http fetch GET 200 https://registry.npmjs.org/ansi-align 160ms (cache updated)
npm http fetch GET 200 https://registry.npmjs.org/dot-prop 150ms (cache updated)
npm http fetch GET 200 https://registry.npmjs.org/unique-string 149ms (cache updated)
npm http fetch GET 200 https://registry.npmjs.org/package-json 137ms (cache updated)
npm http fetch GET 200 https://registry.npmjs.org/write-file-atomic 152ms (cache updated)
npm http fetch GET 200 https://registry.npmjs.org/cli-boxes 178ms (cache updated)
npm http fetch GET 200 https://registry.npmjs.org/escape-goat 634ms (cache updated)
npm http fetch GET 200 https://registry.npmjs.org/eastasianwidth 67ms (cache updated)
npm http fetch GET 200 https://registry.npmjs.org/crypto-random-string 87ms (cache updated)
npm http fetch GET 200 https://registry.npmjs.org/is-obj 91ms (cache updated)
npm http fetch GET 200 https://registry.npmjs.org/imurmurhash 86ms (cache updated)
npm http fetch GET 200 https://registry.npmjs.org/typedarray-to-buffer 106ms (cache updated)
npm http fetch GET 200 https://registry.npmjs.org/registry-url 69ms (cache updated)
npm http fetch GET 200 https://registry.npmjs.org/registry-auth-token 77ms (cache updated)
npm http fetch GET 200 https://registry.npmjs.org/got 99ms (cache updated)
npm http fetch GET 200 https://registry.npmjs.org/responselike 129ms (cache updated)
npm http fetch GET 200 https://registry.npmjs.org/form-data-encoder 130ms (cache updated)
npm http fetch GET 200 https://registry.npmjs.org/p-cancelable 174ms (cache updated)
npm http fetch GET 200 https://registry.npmjs.org/cacheable-lookup 171ms (cache updated)
npm http fetch GET 200 https://registry.npmjs.org/http2-wrapper 186ms (cache updated)
npm http fetch GET 200 https://registry.npmjs.org/lowercase-keys 187ms (cache updated)
npm http fetch GET 200 https://registry.npmjs.org/rc 172ms (cache updated)
npm http fetch GET 200 https://registry.npmjs.org/decompress-response 182ms (cache updated)
npm http fetch GET 200 https://registry.npmjs.org/@szmarczak%2fhttp-timer 183ms (cache updated)
npm http fetch GET 200 https://registry.npmjs.org/cacheable-request 189ms (cache updated)
npm http fetch GET 200 https://registry.npmjs.org/@sindresorhus%2fis 202ms (cache updated)
npm http fetch GET 200 https://registry.npmjs.org/@pnpm%2fnpm-conf 386ms (cache updated)
npm http fetch GET 200 https://registry.npmjs.org/http-cache-semantics 115ms (cache updated)
npm http fetch GET 200 https://registry.npmjs.org/mimic-response 137ms (cache updated)
npm http fetch GET 200 https://registry.npmjs.org/@types%2fhttp-cache-semantics 134ms (cache updated)
npm http fetch GET 200 https://registry.npmjs.org/mimic-response 132ms (cache updated)
npm http fetch GET 200 https://registry.npmjs.org/resolve-alpn 124ms (cache updated)
npm http fetch GET 200 https://registry.npmjs.org/defer-to-connect 155ms (cache updated)
npm http fetch GET 200 https://registry.npmjs.org/normalize-url 147ms (cache updated)
npm http fetch GET 200 https://registry.npmjs.org/keyv 152ms (cache updated)
npm http fetch GET 200 https://registry.npmjs.org/quick-lru 141ms (cache updated)
npm http fetch GET 200 https://registry.npmjs.org/json-buffer 80ms (cache updated)
npm http fetch GET 200 https://registry.npmjs.org/config-chain 93ms (cache updated)
npm http fetch GET 200 https://registry.npmjs.org/@pnpm%2fnetwork.ca-file 149ms (cache updated)
npm http fetch GET 200 https://registry.npmjs.org/@pnpm%2fconfig.env-replace 210ms (cache updated)
npm http fetch GET 200 https://registry.npmjs.org/proto-list 68ms (cache updated)
npm http fetch GET 200 https://registry.npmjs.org/deep-extend 106ms (cache updated)
npm http fetch GET 200 https://registry.npmjs.org/pend 63ms (cache updated)
npm http fetch GET 200 https://registry.npmjs.org/crc32-stream 57ms (cache updated)
npm http fetch GET 200 https://registry.npmjs.org/crc-32 61ms (cache updated)
npm http fetch GET 200 https://registry.npmjs.org/buffer-alloc-unsafe 84ms (cache updated)
npm http fetch GET 200 https://registry.npmjs.org/buffer-fill 95ms (cache updated)
npm http fetch GET 200 https://registry.npmjs.org/p-try 87ms (cache updated)
npm verb reify failed optional dependency D:\Studia\Ebiznes\E-biznes\zad6\tmpBstackPackages\node_modules\fsevents
npm http fetch POST 200 https://registry.npmjs.org/-/npm/v1/security/advisories/bulk 1529ms
npm WARN deprecated inflight@1.0.6: This module is not supported, and leaks memory. Do not use it. Check out lru-cache if you want a good and tested way to coalesce async requests by a key value, which is much more comprehensive and powerful.
npm WARN deprecated rimraf@2.5.4: Rimraf versions prior to v4 are no longer supported
npm WARN deprecated glob@7.2.3: Glob versions prior to v9 are no longer supported
npm WARN deprecated glob@8.1.0: Glob versions prior to v9 are no longer supported
npm info run cypress@12.17.4 postinstall node_modules/cypress node index.js --exec install
npm info run cypress@12.17.4 postinstall { code: 0, signal: null }

added 469 packages, and audited 470 packages in 25s

98 packages are looking for funding
  run `npm fund` for details

2 moderate severity vulnerabilities

To address all issues (including breaking changes), run:
  npm audit fix --force

Run `npm audit` for details.
npm verb exit 0
npm info ok 
